

Started GET "/" for 127.0.0.1 at 2014-10-01 13:15:59 +0200
Processing by Rails::WelcomeController#index as HTML
  Rendered /Users/ninastache/.rvm/gems/ruby-2.1.2/gems/railties-4.1.5/lib/rails/templates/rails/welcome/index.html.erb (1.3ms)
Completed 200 OK in 15ms (Views: 5.6ms | ActiveRecord: 0.0ms)


Started GET "/todos/index" for 127.0.0.1 at 2014-10-01 13:20:43 +0200
Processing by TodosController#index as HTML
  Rendered todos/index.html.erb within layouts/application (0.3ms)
Completed 200 OK in 325ms (Views: 324.1ms | ActiveRecord: 0.0ms)


Started GET "/assets/application.css?body=1" for 127.0.0.1 at 2014-10-01 13:20:44 +0200


Started GET "/assets/todos.css?body=1" for 127.0.0.1 at 2014-10-01 13:20:44 +0200


Started GET "/assets/jquery_ujs.js?body=1" for 127.0.0.1 at 2014-10-01 13:20:44 +0200


Started GET "/assets/todos.js?body=1" for 127.0.0.1 at 2014-10-01 13:20:44 +0200


Started GET "/assets/application.js?body=1" for 127.0.0.1 at 2014-10-01 13:20:44 +0200


Started GET "/assets/turbolinks.js?body=1" for 127.0.0.1 at 2014-10-01 13:20:44 +0200


Started GET "/assets/jquery.js?body=1" for 127.0.0.1 at 2014-10-01 13:20:44 +0200


Started GET "/todos/index" for 127.0.0.1 at 2014-10-01 13:30:00 +0200
Processing by TodosController#index as HTML
  Rendered todos/index.html.erb within layouts/application (0.5ms)
Completed 200 OK in 35ms (Views: 34.1ms | ActiveRecord: 0.0ms)


Started GET "/assets/jquery_ujs.js?body=1" for 127.0.0.1 at 2014-10-01 13:30:00 +0200


Started GET "/assets/application.js?body=1" for 127.0.0.1 at 2014-10-01 13:30:00 +0200


Started GET "/assets/application.css?body=1" for 127.0.0.1 at 2014-10-01 13:30:00 +0200


Started GET "/assets/todos.css?body=1" for 127.0.0.1 at 2014-10-01 13:30:00 +0200


Started GET "/assets/jquery.js?body=1" for 127.0.0.1 at 2014-10-01 13:30:00 +0200


Started GET "/assets/todos.js?body=1" for 127.0.0.1 at 2014-10-01 13:30:00 +0200


Started GET "/assets/turbolinks.js?body=1" for 127.0.0.1 at 2014-10-01 13:30:00 +0200


Started GET "/todos/index" for 127.0.0.1 at 2014-10-01 13:39:22 +0200
Processing by TodosController#index as HTML
  Rendered todos/index.html.erb within layouts/application (0.4ms)
Completed 200 OK in 29ms (Views: 28.2ms | ActiveRecord: 0.0ms)


Started GET "/assets/todos.css?body=1" for 127.0.0.1 at 2014-10-01 13:39:22 +0200


Started GET "/assets/application.css?body=1" for 127.0.0.1 at 2014-10-01 13:39:22 +0200


Started GET "/assets/jquery.js?body=1" for 127.0.0.1 at 2014-10-01 13:39:22 +0200


Started GET "/assets/turbolinks.js?body=1" for 127.0.0.1 at 2014-10-01 13:39:22 +0200


Started GET "/assets/todos.js?body=1" for 127.0.0.1 at 2014-10-01 13:39:22 +0200


Started GET "/assets/jquery_ujs.js?body=1" for 127.0.0.1 at 2014-10-01 13:39:22 +0200


Started GET "/assets/application.js?body=1" for 127.0.0.1 at 2014-10-01 13:39:22 +0200


Started GET "/todos/index" for 127.0.0.1 at 2014-10-01 13:40:00 +0200
Processing by TodosController#index as HTML
  Rendered todos/index.html.erb within layouts/application (0.8ms)
Completed 200 OK in 38ms (Views: 37.4ms | ActiveRecord: 0.0ms)


Started GET "/assets/todos.css?body=1" for 127.0.0.1 at 2014-10-01 13:40:00 +0200


Started GET "/assets/application.css?body=1" for 127.0.0.1 at 2014-10-01 13:40:00 +0200


Started GET "/assets/jquery.js?body=1" for 127.0.0.1 at 2014-10-01 13:40:00 +0200


Started GET "/assets/todos.js?body=1" for 127.0.0.1 at 2014-10-01 13:40:00 +0200


Started GET "/assets/jquery_ujs.js?body=1" for 127.0.0.1 at 2014-10-01 13:40:00 +0200


Started GET "/assets/turbolinks.js?body=1" for 127.0.0.1 at 2014-10-01 13:40:00 +0200


Started GET "/assets/application.js?body=1" for 127.0.0.1 at 2014-10-01 13:40:00 +0200
  [1m[36m (1.2ms)[0m  [1mCREATE TABLE "schema_migrations" ("version" varchar(255) NOT NULL) [0m
  [1m[35m (0.5ms)[0m  select sqlite_version(*)
  [1m[36m (1.2ms)[0m  [1mCREATE UNIQUE INDEX "unique_schema_migrations" ON "schema_migrations" ("version")[0m
  [1m[35mActiveRecord::SchemaMigration Load (0.1ms)[0m  SELECT "schema_migrations".* FROM "schema_migrations"
Migrating to CreateTodos (20141001114637)
  [1m[36m (0.1ms)[0m  [1mbegin transaction[0m
  [1m[35m (0.4ms)[0m  CREATE TABLE "todos" ("id" INTEGER PRIMARY KEY AUTOINCREMENT NOT NULL, "todo_item" varchar(255), "created_at" datetime, "updated_at" datetime) 
  [1m[36mSQL (0.2ms)[0m  [1mINSERT INTO "schema_migrations" ("version") VALUES (?)[0m  [["version", "20141001114637"]]
  [1m[35m (1.0ms)[0m  commit transaction
  [1m[36mActiveRecord::SchemaMigration Load (0.2ms)[0m  [1mSELECT "schema_migrations".* FROM "schema_migrations"[0m
  [1m[36mTodo Load (0.2ms)[0m  [1mSELECT "todos".* FROM "todos"[0m
  [1m[35m (0.2ms)[0m  begin transaction
  [1m[36mSQL (0.7ms)[0m  [1mINSERT INTO "todos" ("created_at", "todo_item", "updated_at") VALUES (?, ?, ?)[0m  [["created_at", "2014-10-01 12:25:01.449521"], ["todo_item", "pick up milk"], ["updated_at", "2014-10-01 12:25:01.449521"]]
  [1m[35m (1.4ms)[0m  commit transaction
  [1m[36mTodo Load (0.2ms)[0m  [1mSELECT "todos".* FROM "todos"[0m


Started GET "/" for 127.0.0.1 at 2014-10-06 10:34:57 +0200
  [1m[36mActiveRecord::SchemaMigration Load (0.6ms)[0m  [1mSELECT "schema_migrations".* FROM "schema_migrations"[0m
Processing by Rails::WelcomeController#index as HTML
  Rendered /Users/ninastache/.rvm/gems/ruby-2.1.2/gems/railties-4.1.5/lib/rails/templates/rails/welcome/index.html.erb (0.3ms)
Completed 200 OK in 13ms (Views: 7.0ms | ActiveRecord: 0.0ms)


Started GET "/" for 127.0.0.1 at 2014-10-09 15:10:54 +0200
  [1m[36mActiveRecord::SchemaMigration Load (0.1ms)[0m  [1mSELECT "schema_migrations".* FROM "schema_migrations"[0m
Processing by Rails::WelcomeController#index as HTML
  Rendered /Users/ninastache/.rvm/gems/ruby-2.1.2/gems/railties-4.1.5/lib/rails/templates/rails/welcome/index.html.erb (2.1ms)
Completed 200 OK in 16ms (Views: 6.8ms | ActiveRecord: 0.0ms)


Started GET "/" for 127.0.0.1 at 2014-10-09 15:10:58 +0200
Processing by Rails::WelcomeController#index as HTML
  Rendered /Users/ninastache/.rvm/gems/ruby-2.1.2/gems/railties-4.1.5/lib/rails/templates/rails/welcome/index.html.erb (0.0ms)
Completed 200 OK in 2ms (Views: 1.0ms | ActiveRecord: 0.0ms)


Started GET "/" for 127.0.0.1 at 2014-10-09 15:11:10 +0200
Processing by Rails::WelcomeController#index as HTML
  Rendered /Users/ninastache/.rvm/gems/ruby-2.1.2/gems/railties-4.1.5/lib/rails/templates/rails/welcome/index.html.erb (0.0ms)
Completed 200 OK in 2ms (Views: 0.9ms | ActiveRecord: 0.0ms)


Started GET "/todos/index" for 127.0.0.1 at 2014-10-09 15:11:37 +0200
Processing by TodosController#index as HTML
  Rendered todos/index.html.erb within layouts/application (0.9ms)
Completed 200 OK in 109ms (Views: 108.2ms | ActiveRecord: 0.0ms)


Started GET "/assets/todos.css?body=1" for 127.0.0.1 at 2014-10-09 15:11:37 +0200


Started GET "/assets/application.css?body=1" for 127.0.0.1 at 2014-10-09 15:11:37 +0200


Started GET "/assets/jquery.js?body=1" for 127.0.0.1 at 2014-10-09 15:11:37 +0200


Started GET "/assets/jquery_ujs.js?body=1" for 127.0.0.1 at 2014-10-09 15:11:37 +0200


Started GET "/assets/application.js?body=1" for 127.0.0.1 at 2014-10-09 15:11:37 +0200


Started GET "/assets/turbolinks.js?body=1" for 127.0.0.1 at 2014-10-09 15:11:37 +0200


Started GET "/assets/todos.js?body=1" for 127.0.0.1 at 2014-10-09 15:11:37 +0200


Started GET "/todos/index" for 127.0.0.1 at 2014-10-09 15:20:34 +0200
Processing by TodosController#index as HTML
  Rendered todos/index.html.erb within layouts/application (11.3ms)
Completed 500 Internal Server Error in 15ms

ActionView::Template::Error (undefined method `each' for nil:NilClass):
    2: <h1>Shared Todo App</h1>
    3: <p>All your todos here</p>
    4: <ul>
    5: 	<% @todo_array.each do |t| %>
    6: 		<li><%= t %></li>
    7: 	<% end %>
    8: </ul>
  app/views/todos/index.html.erb:5:in `_app_views_todos_index_html_erb__2750887532679600463_70100453767080'


  Rendered /Users/ninastache/.rvm/gems/ruby-2.1.2/gems/actionpack-4.1.5/lib/action_dispatch/middleware/templates/rescues/_trace.html.erb (1.7ms)
  Rendered /Users/ninastache/.rvm/gems/ruby-2.1.2/gems/actionpack-4.1.5/lib/action_dispatch/middleware/templates/rescues/_request_and_response.html.erb (1.3ms)
  Rendered /Users/ninastache/.rvm/gems/ruby-2.1.2/gems/actionpack-4.1.5/lib/action_dispatch/middleware/templates/rescues/template_error.html.erb within rescues/layout (17.4ms)


Started GET "/todos/index" for 127.0.0.1 at 2014-10-09 15:21:43 +0200
Processing by TodosController#index as HTML
  [1m[35mTodo Load (0.5ms)[0m  SELECT "todos".* FROM "todos"
  Rendered todos/index.html.erb within layouts/application (6.5ms)
Completed 200 OK in 42ms (Views: 39.4ms | ActiveRecord: 1.1ms)


Started GET "/assets/turbolinks.js?body=1" for 127.0.0.1 at 2014-10-09 15:21:43 +0200


Started GET "/todos/index" for 127.0.0.1 at 2014-10-09 15:21:46 +0200
Processing by TodosController#index as HTML
  [1m[36mTodo Load (0.1ms)[0m  [1mSELECT "todos".* FROM "todos"[0m
  Rendered todos/index.html.erb within layouts/application (0.6ms)
Completed 200 OK in 49ms (Views: 48.3ms | ActiveRecord: 0.1ms)


Started GET "/assets/turbolinks.js?body=1" for 127.0.0.1 at 2014-10-09 15:21:47 +0200
  [1m[36m (0.2ms)[0m  [1mbegin transaction[0m
  [1m[35mSQL (0.7ms)[0m  INSERT INTO "todos" ("created_at", "todo_item", "updated_at") VALUES (?, ?, ?)  [["created_at", "2014-10-09 13:26:23.062427"], ["todo_item", "Tasche packen"], ["updated_at", "2014-10-09 13:26:23.062427"]]
  [1m[36m (1.1ms)[0m  [1mcommit transaction[0m


Started GET "/todos/index" for 127.0.0.1 at 2014-10-09 15:26:34 +0200
Processing by TodosController#index as HTML
  [1m[35mTodo Load (0.3ms)[0m  SELECT "todos".* FROM "todos"
  Rendered todos/index.html.erb within layouts/application (0.9ms)
Completed 200 OK in 36ms (Views: 34.7ms | ActiveRecord: 0.3ms)


Started GET "/assets/turbolinks.js?body=1" for 127.0.0.1 at 2014-10-09 15:26:34 +0200
  [1m[35m (0.1ms)[0m  begin transaction
  [1m[36mSQL (0.3ms)[0m  [1mINSERT INTO "todos" ("created_at", "todo_item", "updated_at") VALUES (?, ?, ?)[0m  [["created_at", "2014-10-09 13:27:24.960881"], ["todo_item", "Adressen von allen"], ["updated_at", "2014-10-09 13:27:24.960881"]]
  [1m[35m (8.9ms)[0m  commit transaction


Started GET "/todos/index" for 127.0.0.1 at 2014-10-09 15:27:32 +0200
Processing by TodosController#index as HTML
  [1m[36mTodo Load (0.2ms)[0m  [1mSELECT "todos".* FROM "todos"[0m
  Rendered todos/index.html.erb within layouts/application (0.8ms)
Completed 200 OK in 36ms (Views: 34.5ms | ActiveRecord: 0.2ms)


Started GET "/assets/turbolinks.js?body=1" for 127.0.0.1 at 2014-10-09 15:27:32 +0200


Started GET "/todos/delete" for 127.0.0.1 at 2014-10-09 15:34:11 +0200
Processing by TodosController#delete as HTML
  Rendered todos/delete.html.erb within layouts/application (0.4ms)
Completed 200 OK in 32ms (Views: 31.1ms | ActiveRecord: 0.0ms)


Started GET "/assets/turbolinks.js?body=1" for 127.0.0.1 at 2014-10-09 15:34:11 +0200


Started GET "/todos/index" for 127.0.0.1 at 2014-10-09 15:34:13 +0200
Processing by TodosController#index as HTML
  [1m[35mTodo Load (0.5ms)[0m  SELECT "todos".* FROM "todos"
  Rendered todos/index.html.erb within layouts/application (5.7ms)
Completed 200 OK in 47ms (Views: 44.6ms | ActiveRecord: 0.8ms)


Started GET "/todos/delete" for 127.0.0.1 at 2014-10-09 15:34:16 +0200
Processing by TodosController#delete as HTML
  Rendered todos/delete.html.erb within layouts/application (0.4ms)
Completed 200 OK in 38ms (Views: 37.0ms | ActiveRecord: 0.0ms)


Started GET "/todos/index" for 127.0.0.1 at 2014-10-09 15:34:17 +0200
Processing by TodosController#index as HTML
  [1m[36mTodo Load (0.2ms)[0m  [1mSELECT "todos".* FROM "todos"[0m
  Rendered todos/index.html.erb within layouts/application (0.7ms)
Completed 200 OK in 44ms (Views: 42.6ms | ActiveRecord: 0.2ms)


Started GET "/todos/index" for 127.0.0.1 at 2014-10-09 15:37:43 +0200
Processing by TodosController#index as HTML
  [1m[35mTodo Load (0.3ms)[0m  SELECT "todos".* FROM "todos"
  Rendered todos/index.html.erb within layouts/application (3.0ms)
Completed 200 OK in 42ms (Views: 40.3ms | ActiveRecord: 0.4ms)


Started GET "/assets/turbolinks.js?body=1" for 127.0.0.1 at 2014-10-09 15:37:43 +0200


Started GET "/todos/delete" for 127.0.0.1 at 2014-10-09 15:37:45 +0200
Processing by TodosController#delete as HTML
  [1m[36mTodo Load (0.1ms)[0m  [1mSELECT  "todos".* FROM "todos"   ORDER BY "todos"."id" DESC LIMIT 1[0m
  [1m[35mSQL (1.2ms)[0m  DELETE FROM "todos" WHERE "todos"."id" = 3
  Rendered todos/delete.html.erb within layouts/application (0.1ms)
Completed 200 OK in 58ms (Views: 41.2ms | ActiveRecord: 1.3ms)


Started GET "/todos/index" for 127.0.0.1 at 2014-10-09 15:37:47 +0200
Processing by TodosController#index as HTML
  [1m[36mTodo Load (0.1ms)[0m  [1mSELECT "todos".* FROM "todos"[0m
  Rendered todos/index.html.erb within layouts/application (0.6ms)
Completed 200 OK in 37ms (Views: 35.0ms | ActiveRecord: 0.1ms)


Started GET "/todos/index" for 127.0.0.1 at 2014-10-09 15:46:02 +0200
Processing by TodosController#index as HTML
  [1m[35mTodo Load (0.2ms)[0m  SELECT "todos".* FROM "todos"
  Rendered todos/index.html.erb within layouts/application (0.9ms)
Completed 200 OK in 72ms (Views: 70.6ms | ActiveRecord: 0.2ms)


Started GET "/assets/turbolinks.js?body=1" for 127.0.0.1 at 2014-10-09 15:46:02 +0200


Started GET "/assets/css/bootstrap.css?body=1" for 127.0.0.1 at 2014-10-09 15:46:02 +0200


Started GET "/todos/index" for 127.0.0.1 at 2014-10-09 15:46:04 +0200
Processing by TodosController#index as HTML
  [1m[36mTodo Load (0.2ms)[0m  [1mSELECT "todos".* FROM "todos"[0m
  Rendered todos/index.html.erb within layouts/application (0.8ms)
Completed 200 OK in 56ms (Views: 54.3ms | ActiveRecord: 0.2ms)


Started GET "/assets/turbolinks.js?body=1" for 127.0.0.1 at 2014-10-09 15:46:04 +0200


Started GET "/todos/index" for 127.0.0.1 at 2014-10-09 15:52:01 +0200
Processing by TodosController#index as HTML
  [1m[35mTodo Load (0.1ms)[0m  SELECT "todos".* FROM "todos"
  Rendered todos/index.html.erb within layouts/application (0.6ms)
Completed 200 OK in 38ms (Views: 37.2ms | ActiveRecord: 0.1ms)


Started GET "/assets/turbolinks.js?body=1" for 127.0.0.1 at 2014-10-09 15:52:01 +0200


Started GET "/todos/index" for 127.0.0.1 at 2014-10-09 15:55:51 +0200
Processing by TodosController#index as HTML
  [1m[36mTodo Load (0.2ms)[0m  [1mSELECT "todos".* FROM "todos"[0m
  Rendered todos/index.html.erb within layouts/application (1.8ms)
Completed 200 OK in 59ms (Views: 58.1ms | ActiveRecord: 0.2ms)


Started GET "/assets/turbolinks.js?body=1" for 127.0.0.1 at 2014-10-09 15:55:51 +0200


Started GET "/todos/index" for 127.0.0.1 at 2014-10-09 15:57:33 +0200
Processing by TodosController#index as HTML
  [1m[35mTodo Load (0.1ms)[0m  SELECT "todos".* FROM "todos"
  Rendered todos/index.html.erb within layouts/application (1.5ms)
Completed 200 OK in 53ms (Views: 51.2ms | ActiveRecord: 0.1ms)


Started GET "/assets/turbolinks.js?body=1" for 127.0.0.1 at 2014-10-09 15:57:33 +0200


Started GET "/todos/index" for 127.0.0.1 at 2014-10-09 15:58:17 +0200
Processing by TodosController#index as HTML
  [1m[36mTodo Load (0.1ms)[0m  [1mSELECT "todos".* FROM "todos"[0m
  Rendered todos/index.html.erb within layouts/application (1.3ms)
Completed 200 OK in 39ms (Views: 37.5ms | ActiveRecord: 0.1ms)


Started GET "/assets/turbolinks.js?body=1" for 127.0.0.1 at 2014-10-09 15:58:17 +0200


Started GET "/todos/index" for 127.0.0.1 at 2014-10-09 16:15:45 +0200

RuntimeError (You should not use the `match` method in your router without specifying an HTTP method.
If you want to expose your action to both GET and POST, add `via: [:get, :post]` option.
If you want to expose your action to GET, use `get` in the router:
  Instead of: match "controller#action"
  Do: get "controller#action"):
  config/routes.rb:3:in `block in <top (required)>'
  config/routes.rb:1:in `<top (required)>'


  Rendered /Users/ninastache/.rvm/gems/ruby-2.1.2/gems/actionpack-4.1.5/lib/action_dispatch/middleware/templates/rescues/_source.erb (0.9ms)
  Rendered /Users/ninastache/.rvm/gems/ruby-2.1.2/gems/actionpack-4.1.5/lib/action_dispatch/middleware/templates/rescues/_trace.html.erb (1.0ms)
  Rendered /Users/ninastache/.rvm/gems/ruby-2.1.2/gems/actionpack-4.1.5/lib/action_dispatch/middleware/templates/rescues/_request_and_response.html.erb (0.9ms)
  Rendered /Users/ninastache/.rvm/gems/ruby-2.1.2/gems/actionpack-4.1.5/lib/action_dispatch/middleware/templates/rescues/diagnostics.erb within rescues/layout (15.7ms)


Started GET "/todos/index" for 127.0.0.1 at 2014-10-09 16:18:30 +0200
Processing by TodosController#index as HTML
  [1m[35mTodo Load (0.3ms)[0m  SELECT "todos".* FROM "todos"
  Rendered todos/index.html.erb within layouts/application (4.3ms)
Completed 200 OK in 47ms (Views: 43.7ms | ActiveRecord: 0.6ms)


Started GET "/assets/turbolinks.js?body=1" for 127.0.0.1 at 2014-10-09 16:18:30 +0200


Started GET "/todos/delete" for 127.0.0.1 at 2014-10-09 16:18:32 +0200
Processing by TodosController#delete as HTML
  [1m[36mTodo Load (0.2ms)[0m  [1mSELECT  "todos".* FROM "todos"   ORDER BY "todos"."id" DESC LIMIT 1[0m
  [1m[35mSQL (9.6ms)[0m  DELETE FROM "todos" WHERE "todos"."id" = 2
  Rendered todos/delete.html.erb within layouts/application (0.1ms)
Completed 200 OK in 50ms (Views: 37.8ms | ActiveRecord: 9.8ms)


Started GET "/todos/index" for 127.0.0.1 at 2014-10-09 16:18:34 +0200
Processing by TodosController#index as HTML
  [1m[36mTodo Load (0.1ms)[0m  [1mSELECT "todos".* FROM "todos"[0m
  Rendered todos/index.html.erb within layouts/application (1.4ms)
Completed 200 OK in 38ms (Views: 36.7ms | ActiveRecord: 0.1ms)


Started GET "/todos/index" for 127.0.0.1 at 2014-10-09 16:18:40 +0200
Processing by TodosController#index as HTML
  [1m[35mTodo Load (0.1ms)[0m  SELECT "todos".* FROM "todos"
  Rendered todos/index.html.erb within layouts/application (0.7ms)
Completed 200 OK in 41ms (Views: 40.2ms | ActiveRecord: 0.1ms)


Started GET "/todos/index" for 127.0.0.1 at 2014-10-09 16:25:28 +0200
Processing by TodosController#index as HTML
  [1m[36mTodo Load (0.3ms)[0m  [1mSELECT "todos".* FROM "todos"[0m
  Rendered todos/index.html.erb within layouts/application (4.2ms)
Completed 200 OK in 43ms (Views: 40.4ms | ActiveRecord: 0.5ms)


Started GET "/assets/turbolinks.js?body=1" for 127.0.0.1 at 2014-10-09 16:25:28 +0200


Started GET "/todos" for 127.0.0.1 at 2014-10-10 16:42:51 +0200
  [1m[36mActiveRecord::SchemaMigration Load (0.4ms)[0m  [1mSELECT "schema_migrations".* FROM "schema_migrations"[0m

ActionController::RoutingError (No route matches [GET] "/todos"):
  actionpack (4.1.5) lib/action_dispatch/middleware/debug_exceptions.rb:21:in `call'
  actionpack (4.1.5) lib/action_dispatch/middleware/show_exceptions.rb:30:in `call'
  railties (4.1.5) lib/rails/rack/logger.rb:38:in `call_app'
  railties (4.1.5) lib/rails/rack/logger.rb:20:in `block in call'
  activesupport (4.1.5) lib/active_support/tagged_logging.rb:68:in `block in tagged'
  activesupport (4.1.5) lib/active_support/tagged_logging.rb:26:in `tagged'
  activesupport (4.1.5) lib/active_support/tagged_logging.rb:68:in `tagged'
  railties (4.1.5) lib/rails/rack/logger.rb:20:in `call'
  actionpack (4.1.5) lib/action_dispatch/middleware/request_id.rb:21:in `call'
  rack (1.5.2) lib/rack/methodoverride.rb:21:in `call'
  rack (1.5.2) lib/rack/runtime.rb:17:in `call'
  activesupport (4.1.5) lib/active_support/cache/strategy/local_cache_middleware.rb:26:in `call'
  rack (1.5.2) lib/rack/lock.rb:17:in `call'
  actionpack (4.1.5) lib/action_dispatch/middleware/static.rb:64:in `call'
  rack (1.5.2) lib/rack/sendfile.rb:112:in `call'
  railties (4.1.5) lib/rails/engine.rb:514:in `call'
  railties (4.1.5) lib/rails/application.rb:144:in `call'
  rack (1.5.2) lib/rack/lock.rb:17:in `call'
  rack (1.5.2) lib/rack/content_length.rb:14:in `call'
  rack (1.5.2) lib/rack/handler/webrick.rb:60:in `service'
  /Users/ninastache/.rvm/rubies/ruby-2.1.2/lib/ruby/2.1.0/webrick/httpserver.rb:138:in `service'
  /Users/ninastache/.rvm/rubies/ruby-2.1.2/lib/ruby/2.1.0/webrick/httpserver.rb:94:in `run'
  /Users/ninastache/.rvm/rubies/ruby-2.1.2/lib/ruby/2.1.0/webrick/server.rb:295:in `block in start_thread'


  Rendered /Users/ninastache/.rvm/gems/ruby-2.1.2/gems/actionpack-4.1.5/lib/action_dispatch/middleware/templates/rescues/_trace.html.erb (0.8ms)
  Rendered /Users/ninastache/.rvm/gems/ruby-2.1.2/gems/actionpack-4.1.5/lib/action_dispatch/middleware/templates/routes/_route.html.erb (0.7ms)
  Rendered /Users/ninastache/.rvm/gems/ruby-2.1.2/gems/actionpack-4.1.5/lib/action_dispatch/middleware/templates/routes/_table.html.erb (5.7ms)
  Rendered /Users/ninastache/.rvm/gems/ruby-2.1.2/gems/actionpack-4.1.5/lib/action_dispatch/middleware/templates/rescues/routing_error.html.erb within rescues/layout (21.2ms)


Started GET "/todos" for 127.0.0.1 at 2014-10-10 16:42:55 +0200

ActionController::RoutingError (No route matches [GET] "/todos"):
  actionpack (4.1.5) lib/action_dispatch/middleware/debug_exceptions.rb:21:in `call'
  actionpack (4.1.5) lib/action_dispatch/middleware/show_exceptions.rb:30:in `call'
  railties (4.1.5) lib/rails/rack/logger.rb:38:in `call_app'
  railties (4.1.5) lib/rails/rack/logger.rb:20:in `block in call'
  activesupport (4.1.5) lib/active_support/tagged_logging.rb:68:in `block in tagged'
  activesupport (4.1.5) lib/active_support/tagged_logging.rb:26:in `tagged'
  activesupport (4.1.5) lib/active_support/tagged_logging.rb:68:in `tagged'
  railties (4.1.5) lib/rails/rack/logger.rb:20:in `call'
  actionpack (4.1.5) lib/action_dispatch/middleware/request_id.rb:21:in `call'
  rack (1.5.2) lib/rack/methodoverride.rb:21:in `call'
  rack (1.5.2) lib/rack/runtime.rb:17:in `call'
  activesupport (4.1.5) lib/active_support/cache/strategy/local_cache_middleware.rb:26:in `call'
  rack (1.5.2) lib/rack/lock.rb:17:in `call'
  actionpack (4.1.5) lib/action_dispatch/middleware/static.rb:64:in `call'
  rack (1.5.2) lib/rack/sendfile.rb:112:in `call'
  railties (4.1.5) lib/rails/engine.rb:514:in `call'
  railties (4.1.5) lib/rails/application.rb:144:in `call'
  rack (1.5.2) lib/rack/lock.rb:17:in `call'
  rack (1.5.2) lib/rack/content_length.rb:14:in `call'
  rack (1.5.2) lib/rack/handler/webrick.rb:60:in `service'
  /Users/ninastache/.rvm/rubies/ruby-2.1.2/lib/ruby/2.1.0/webrick/httpserver.rb:138:in `service'
  /Users/ninastache/.rvm/rubies/ruby-2.1.2/lib/ruby/2.1.0/webrick/httpserver.rb:94:in `run'
  /Users/ninastache/.rvm/rubies/ruby-2.1.2/lib/ruby/2.1.0/webrick/server.rb:295:in `block in start_thread'


  Rendered /Users/ninastache/.rvm/gems/ruby-2.1.2/gems/actionpack-4.1.5/lib/action_dispatch/middleware/templates/rescues/_trace.html.erb (1.9ms)
  Rendered /Users/ninastache/.rvm/gems/ruby-2.1.2/gems/actionpack-4.1.5/lib/action_dispatch/middleware/templates/routes/_route.html.erb (0.9ms)
  Rendered /Users/ninastache/.rvm/gems/ruby-2.1.2/gems/actionpack-4.1.5/lib/action_dispatch/middleware/templates/routes/_table.html.erb (1.0ms)
  Rendered /Users/ninastache/.rvm/gems/ruby-2.1.2/gems/actionpack-4.1.5/lib/action_dispatch/middleware/templates/rescues/routing_error.html.erb within rescues/layout (20.0ms)


Started GET "/todos/index" for 127.0.0.1 at 2014-10-10 16:43:02 +0200
Processing by TodosController#index as HTML
Completed 500 Internal Server Error in 14ms

NoMethodError (undefined method `attr_accessible' for #<Class:0x007fa396526430>):
  app/models/todo.rb:2:in `<class:Todo>'
  app/models/todo.rb:1:in `<top (required)>'
  app/controllers/todos_controller.rb:4:in `index'


  Rendered /Users/ninastache/.rvm/gems/ruby-2.1.2/gems/actionpack-4.1.5/lib/action_dispatch/middleware/templates/rescues/_source.erb (0.8ms)
  Rendered /Users/ninastache/.rvm/gems/ruby-2.1.2/gems/actionpack-4.1.5/lib/action_dispatch/middleware/templates/rescues/_trace.html.erb (1.6ms)
  Rendered /Users/ninastache/.rvm/gems/ruby-2.1.2/gems/actionpack-4.1.5/lib/action_dispatch/middleware/templates/rescues/_request_and_response.html.erb (1.0ms)
  Rendered /Users/ninastache/.rvm/gems/ruby-2.1.2/gems/actionpack-4.1.5/lib/action_dispatch/middleware/templates/rescues/diagnostics.erb within rescues/layout (21.6ms)


Started GET "/todos/index" for 127.0.0.1 at 2014-10-10 16:43:32 +0200
Processing by TodosController#index as HTML
  [1m[35mTodo Load (0.6ms)[0m  SELECT "todos".* FROM "todos"
  Rendered todos/index.html.erb within layouts/application (5.7ms)
Completed 200 OK in 130ms (Views: 125.9ms | ActiveRecord: 0.9ms)


Started GET "/assets/css/bootstrap.css?body=1" for 127.0.0.1 at 2014-10-10 16:43:32 +0200


Started GET "/assets/application.css?body=1" for 127.0.0.1 at 2014-10-10 16:43:32 +0200


Started GET "/assets/turbolinks.js?body=1" for 127.0.0.1 at 2014-10-10 16:43:32 +0200


Started GET "/assets/application.js?body=1" for 127.0.0.1 at 2014-10-10 16:43:32 +0200


Started GET "/assets/jquery.js?body=1" for 127.0.0.1 at 2014-10-10 16:43:32 +0200


Started GET "/assets/jquery_ujs.js?body=1" for 127.0.0.1 at 2014-10-10 16:43:32 +0200


Started GET "/assets/todos.css?body=1" for 127.0.0.1 at 2014-10-10 16:43:32 +0200


Started GET "/assets/todos.js?body=1" for 127.0.0.1 at 2014-10-10 16:43:32 +0200


Started POST "/todos/add" for 127.0.0.1 at 2014-10-10 16:43:37 +0200
Processing by TodosController#add as HTML
  Parameters: {"utf8"=>"✓", "authenticity_token"=>"xF0eoTQg8sTRltcNsFVYm+ExrvobW8KbZ3dK35HTy4s=", "todo_text"=>"Test", "commit"=>"Add todo"}
  [1m[36m (0.1ms)[0m  [1mbegin transaction[0m
  [1m[35mSQL (0.9ms)[0m  INSERT INTO "todos" ("created_at", "todo_item", "updated_at") VALUES (?, ?, ?)  [["created_at", "2014-10-10 14:43:37.164744"], ["todo_item", "Test"], ["updated_at", "2014-10-10 14:43:37.164744"]]
  [1m[36m (0.9ms)[0m  [1mcommit transaction[0m
Redirected to http://localhost:3000/todos/index
Completed 302 Found in 14ms (ActiveRecord: 1.9ms)


Started GET "/todos/index" for 127.0.0.1 at 2014-10-10 16:43:37 +0200
Processing by TodosController#index as HTML
  [1m[35mTodo Load (0.2ms)[0m  SELECT "todos".* FROM "todos"
  Rendered todos/index.html.erb within layouts/application (1.2ms)
Completed 200 OK in 55ms (Views: 52.9ms | ActiveRecord: 0.2ms)


Started GET "/assets/turbolinks.js?body=1" for 127.0.0.1 at 2014-10-10 16:43:37 +0200


Started POST "/todos/add" for 127.0.0.1 at 2014-10-10 16:43:42 +0200
Processing by TodosController#add as HTML
  Parameters: {"utf8"=>"✓", "authenticity_token"=>"xF0eoTQg8sTRltcNsFVYm+ExrvobW8KbZ3dK35HTy4s=", "todo_text"=>"Yeah", "commit"=>"Add todo"}
  [1m[36m (0.1ms)[0m  [1mbegin transaction[0m
  [1m[35mSQL (0.4ms)[0m  INSERT INTO "todos" ("created_at", "todo_item", "updated_at") VALUES (?, ?, ?)  [["created_at", "2014-10-10 14:43:42.589547"], ["todo_item", "Yeah"], ["updated_at", "2014-10-10 14:43:42.589547"]]
  [1m[36m (1.0ms)[0m  [1mcommit transaction[0m
Redirected to http://localhost:3000/todos/index
Completed 302 Found in 6ms (ActiveRecord: 1.6ms)


Started GET "/todos/index" for 127.0.0.1 at 2014-10-10 16:43:42 +0200
Processing by TodosController#index as HTML
  [1m[35mTodo Load (0.2ms)[0m  SELECT "todos".* FROM "todos"
  Rendered todos/index.html.erb within layouts/application (1.1ms)
Completed 200 OK in 47ms (Views: 46.2ms | ActiveRecord: 0.2ms)


Started GET "/assets/turbolinks.js?body=1" for 127.0.0.1 at 2014-10-10 16:43:42 +0200


Started GET "/todos/index" for 127.0.0.1 at 2014-10-10 16:49:48 +0200
  [1m[36mActiveRecord::SchemaMigration Load (0.1ms)[0m  [1mSELECT "schema_migrations".* FROM "schema_migrations"[0m
Processing by TodosController#index as HTML
  [1m[35mTodo Load (0.2ms)[0m  SELECT "todos".* FROM "todos"
  Rendered todos/index.html.erb within layouts/application (5.4ms)
Completed 200 OK in 114ms (Views: 103.5ms | ActiveRecord: 0.4ms)


Started GET "/assets/turbolinks.js?body=1" for 127.0.0.1 at 2014-10-10 16:49:48 +0200
